<?xml version="1.0" encoding="UTF-8"?>
<!-- Generated by org.testng.reporters.JUnitXMLReporter -->
<testsuite ignored="0" hostname="PSSLDELAS2173" failures="0" tests="3" name="App Testing" time="6.655" errors="0" timestamp="2023-08-07T17:39:14 IST">
  <testcase classname="testCases.SC001_LoginFeature" name="TC001_successLogin" time="0.614"/>
  <testcase classname="testCases.SC001_LoginFeature" name="TC002_unSuccessfull_login" time="0.22"/>
  <testcase classname="testCases.SC002_LoginWithExcel" name="TC001_Successfull_Login" time="0.001"/>
</testsuite> <!-- App Testing -->
