<?xml version="1.0" encoding="UTF-8"?>
<testng-results ignored="0" total="2" passed="2" failed="0" skipped="0">
  <reporter-output>
  </reporter-output>
  <suite started-at="2023-08-07T13:13:46 IST" name="App Testing" finished-at="2023-08-07T13:13:47 IST" duration-ms="1600">
    <groups>
    </groups>
    <test started-at="2023-08-07T13:13:46 IST" name="App Testing" finished-at="2023-08-07T13:13:47 IST" duration-ms="1600">
      <class name="testCases.SC001_LoginFeature">
        <test-method is-config="true" signature="beforeSuite()[pri:0, instance:testCases.SC001_LoginFeature@209da20d]" started-at="2023-08-07T13:13:41 IST" name="beforeSuite" finished-at="2023-08-07T13:13:46 IST" duration-ms="4251" status="PASS">
          <reporter-output>
          </reporter-output>
        </test-method> <!-- beforeSuite -->
        <test-method is-config="true" signature="beforeTest()[pri:0, instance:testCases.SC001_LoginFeature@209da20d]" started-at="2023-08-07T13:13:46 IST" name="beforeTest" finished-at="2023-08-07T13:13:46 IST" duration-ms="54" status="PASS">
          <reporter-output>
          </reporter-output>
        </test-method> <!-- beforeTest -->
        <test-method signature="TC001_successLogin()[pri:0, instance:testCases.SC001_LoginFeature@209da20d]" started-at="2023-08-07T13:13:46 IST" name="TC001_successLogin" finished-at="2023-08-07T13:13:47 IST" duration-ms="1031" status="PASS">
          <reporter-output>
          </reporter-output>
        </test-method> <!-- TC001_successLogin -->
        <test-method signature="TC002_unSuccessfull_login()[pri:0, instance:testCases.SC001_LoginFeature@209da20d]" started-at="2023-08-07T13:13:47 IST" name="TC002_unSuccessfull_login" finished-at="2023-08-07T13:13:47 IST" duration-ms="443" status="PASS">
          <reporter-output>
          </reporter-output>
        </test-method> <!-- TC002_unSuccessfull_login -->
        <test-method is-config="true" signature="afterTest()[pri:0, instance:testCases.SC001_LoginFeature@209da20d]" started-at="2023-08-07T13:13:47 IST" name="afterTest" finished-at="2023-08-07T13:13:47 IST" duration-ms="1" status="PASS">
          <reporter-output>
          </reporter-output>
        </test-method> <!-- afterTest -->
        <test-method is-config="true" signature="afterSuite()[pri:0, instance:testCases.SC001_LoginFeature@209da20d]" started-at="2023-08-07T13:13:47 IST" name="afterSuite" finished-at="2023-08-07T13:13:47 IST" duration-ms="143" status="PASS">
          <reporter-output>
          </reporter-output>
        </test-method> <!-- afterSuite -->
      </class> <!-- testCases.SC001_LoginFeature -->
    </test> <!-- App Testing -->
  </suite> <!-- App Testing -->
</testng-results>
