<?xml version="1.0" encoding="UTF-8"?>
<testng-results ignored="0" total="3" passed="3" failed="0" skipped="0">
  <reporter-output>
  </reporter-output>
  <suite started-at="2023-08-07T17:39:08 IST" name="App Testing" finished-at="2023-08-07T17:39:14 IST" duration-ms="6655">
    <groups>
    </groups>
    <test started-at="2023-08-07T17:39:08 IST" name="App Testing" finished-at="2023-08-07T17:39:14 IST" duration-ms="6655">
      <class name="testCases.SC001_LoginFeature">
        <test-method is-config="true" signature="beforeTest()[pri:0, instance:testCases.SC001_LoginFeature@7c24b813]" started-at="2023-08-07T17:39:08 IST" name="beforeTest" finished-at="2023-08-07T17:39:11 IST" duration-ms="3063" status="PASS">
          <reporter-output>
          </reporter-output>
        </test-method> <!-- beforeTest -->
        <test-method signature="TC001_successLogin()[pri:0, instance:testCases.SC001_LoginFeature@7c24b813]" started-at="2023-08-07T17:39:13 IST" name="TC001_successLogin" finished-at="2023-08-07T17:39:14 IST" duration-ms="614" status="PASS">
          <reporter-output>
          </reporter-output>
        </test-method> <!-- TC001_successLogin -->
        <test-method signature="TC002_unSuccessfull_login()[pri:0, instance:testCases.SC001_LoginFeature@7c24b813]" started-at="2023-08-07T17:39:14 IST" name="TC002_unSuccessfull_login" finished-at="2023-08-07T17:39:14 IST" duration-ms="220" status="PASS">
          <reporter-output>
          </reporter-output>
        </test-method> <!-- TC002_unSuccessfull_login -->
        <test-method is-config="true" signature="afterTest()[pri:0, instance:testCases.SC001_LoginFeature@7c24b813]" started-at="2023-08-07T17:39:14 IST" name="afterTest" finished-at="2023-08-07T17:39:14 IST" duration-ms="160" status="PASS">
          <reporter-output>
          </reporter-output>
        </test-method> <!-- afterTest -->
      </class> <!-- testCases.SC001_LoginFeature -->
      <class name="testCases.SC002_LoginWithExcel">
        <test-method is-config="true" signature="beforeTest()[pri:0, instance:testCases.SC002_LoginWithExcel@52af26ee]" started-at="2023-08-07T17:39:11 IST" name="beforeTest" finished-at="2023-08-07T17:39:13 IST" duration-ms="2296" status="PASS">
          <reporter-output>
          </reporter-output>
        </test-method> <!-- beforeTest -->
        <test-method signature="TC001_Successfull_Login()[pri:0, instance:testCases.SC002_LoginWithExcel@52af26ee]" started-at="2023-08-07T17:39:14 IST" name="TC001_Successfull_Login" finished-at="2023-08-07T17:39:14 IST" duration-ms="1" status="PASS">
          <reporter-output>
          </reporter-output>
        </test-method> <!-- TC001_Successfull_Login -->
        <test-method is-config="true" signature="afterTest()[pri:0, instance:testCases.SC002_LoginWithExcel@52af26ee]" started-at="2023-08-07T17:39:14 IST" name="afterTest" finished-at="2023-08-07T17:39:14 IST" duration-ms="266" status="PASS">
          <reporter-output>
          </reporter-output>
        </test-method> <!-- afterTest -->
      </class> <!-- testCases.SC002_LoginWithExcel -->
    </test> <!-- App Testing -->
  </suite> <!-- App Testing -->
</testng-results>
